# JRE version: OpenJDK Runtime Environment (24.0.1+9) (build 24.0.1+9-30)
# Java VM: OpenJDK 64-Bit Server VM (24.0.1+9-30, mixed mode, sharing, tiered, compressed oops, compressed class ptrs, g1 gc, windows-amd64)
GC Precious Log:
 CardTable entry size: 512
 Card Set container configuration: InlinePtr #cards 4 size 8 Array Of Cards #cards 16 size 48 Howl #buckets 8 coarsen threshold 3686 Howl Bitmap #cards 512 size 80 coarsen threshold 460 Card regions per heap region 1 cards per card region 4096
 CPUs: 12 total, 12 available
 Memory: 16315M
 Large Page Support: Disabled
 NUMA Support: Disabled
 Compressed Oops: Enabled (Zero based)
 Heap Region Size: 2M
 Heap Min Capacity: 8M
 Heap Initial Capacity: 256M
 Heap Max Capacity: 4080M
 Pre-touch: Disabled
 Parallel Workers: 10
 Concurrent Workers: 3
 Concurrent Refinement Workers: 10
 Periodic GC: Disabled
Heap:
 garbage-first heap   total reserved 4177920K, committed 133120K, used 97145K [0x0000000701000000, 0x0000000800000000)
  region size 2048K, 9 young (18432K), 2 survivors (4096K)
 Metaspace       used 26965K, committed 27264K, reserved 1114112K
  class space    used 2943K, committed 3072K, reserved 1048576K
GC Heap History (12 events):
Event: 1.020 GC heap before
{Heap before GC invocations=0 (full 0):
 garbage-first heap   total reserved 4177920K, committed 264192K, used 48240K [0x0000000701000000, 0x0000000800000000)
  region size 2048K, 24 young (49152K), 0 survivors (0K)
 Metaspace       used 12511K, committed 12736K, reserved 1114112K
  class space    used 1115K, committed 1216K, reserved 1048576K
}
Event: 1.025 GC heap after
{Heap after GC invocations=1 (full 0):
 garbage-first heap   total reserved 4177920K, committed 264192K, used 5712K [0x0000000701000000, 0x0000000800000000)
  region size 2048K, 3 young (6144K), 3 survivors (6144K)
 Metaspace       used 12511K, committed 12736K, reserved 1114112K
  class space    used 1115K, committed 1216K, reserved 1048576K
}
Event: 3.499 GC heap before
{Heap before GC invocations=1 (full 0):
 garbage-first heap   total reserved 4177920K, committed 264192K, used 71248K [0x0000000701000000, 0x0000000800000000)
  region size 2048K, 31 young (63488K), 3 survivors (6144K)
 Metaspace       used 21282K, committed 21504K, reserved 1114112K
  class space    used 2423K, committed 2496K, reserved 1048576K
}
Event: 3.504 GC heap after
{Heap after GC invocations=2 (full 0):
 garbage-first heap   total reserved 4177920K, committed 264192K, used 20645K [0x0000000701000000, 0x0000000800000000)
  region size 2048K, 5 young (10240K), 5 survivors (10240K)
 Metaspace       used 21282K, committed 21504K, reserved 1114112K
  class space    used 2423K, committed 2496K, reserved 1048576K
}
Event: 3.888 GC heap before
{Heap before GC invocations=3 (full 0):
 garbage-first heap   total reserved 4177920K, committed 88064K, used 84133K [0x0000000701000000, 0x0000000800000000)
  region size 2048K, 16 young (32768K), 5 survivors (10240K)
 Metaspace       used 22468K, committed 22784K, reserved 1114112K
  class space    used 2600K, committed 2688K, reserved 1048576K
}
Event: 3.898 GC heap after
{Heap after GC invocations=4 (full 0):
 garbage-first heap   total reserved 4177920K, committed 110592K, used 75629K [0x0000000701000000, 0x0000000800000000)
  region size 2048K, 8 young (16384K), 8 survivors (16384K)
 Metaspace       used 22468K, committed 22784K, reserved 1114112K
  class space    used 2600K, committed 2688K, reserved 1048576K
}
Event: 3.993 GC heap before
{Heap before GC invocations=4 (full 0):
 garbage-first heap   total reserved 4177920K, committed 110592K, used 83821K [0x0000000701000000, 0x0000000800000000)
  region size 2048K, 12 young (24576K), 8 survivors (16384K)
 Metaspace       used 22869K, committed 23104K, reserved 1114112K
  class space    used 2657K, committed 2752K, reserved 1048576K
}
Event: 4.000 GC heap after
{Heap after GC invocations=5 (full 0):
 garbage-first heap   total reserved 4177920K, committed 110592K, used 76021K [0x0000000701000000, 0x0000000800000000)
  region size 2048K, 1 young (2048K), 1 survivors (2048K)
 Metaspace       used 22869K, committed 23104K, reserved 1114112K
  class space    used 2657K, committed 2752K, reserved 1048576K
}
Event: 5.563 GC heap before
{Heap before GC invocations=5 (full 0):
 garbage-first heap   total reserved 4177920K, committed 110592K, used 82165K [0x0000000701000000, 0x0000000800000000)
  region size 2048K, 5 young (10240K), 1 survivors (2048K)
 Metaspace       used 23414K, committed 23680K, reserved 1114112K
  class space    used 2678K, committed 2816K, reserved 1048576K
}
Event: 5.564 GC heap after
{Heap after GC invocations=6 (full 0):
 garbage-first heap   total reserved 4177920K, committed 110592K, used 76079K [0x0000000701000000, 0x0000000800000000)
  region size 2048K, 1 young (2048K), 1 survivors (2048K)
 Metaspace       used 23414K, committed 23680K, reserved 1114112K
  class space    used 2678K, committed 2816K, reserved 1048576K
}
Event: 10.624 GC heap before
{Heap before GC invocations=7 (full 0):
 garbage-first heap   total reserved 4177920K, committed 133120K, used 98607K [0x0000000701000000, 0x0000000800000000)
  region size 2048K, 10 young (20480K), 1 survivors (2048K)
 Metaspace       used 26179K, committed 26560K, reserved 1114112K
  class space    used 2925K, committed 3072K, reserved 1048576K
}
Event: 10.626 GC heap after
{Heap after GC invocations=8 (full 0):
 garbage-first heap   total reserved 4177920K, committed 133120K, used 84857K [0x0000000701000000, 0x0000000800000000)
  region size 2048K, 2 young (4096K), 2 survivors (4096K)
 Metaspace       used 26179K, committed 26560K, reserved 1114112K
  class space    used 2925K, committed 3072K, reserved 1048576K
}

